<?xml version="1.0" encoding="UTF-8"?>
<!-- Generated by org.testng.reporters.JUnitReportReporter -->
<testsuite hostname="NTS-JUEENINGSHETTI" failures="0" tests="1" name="Tests.LoginTest" time="282.277" errors="0" timestamp="2021-09-09T19:20:24 IST" skipped="0">
  <testcase classname="Tests.LoginTest" name="LoginTestFlow" time="282.277"/>
  <system-out/>
</testsuite> <!-- Tests.LoginTest -->
