<?xml version="1.0" encoding="UTF-8"?>
<!-- Generated by org.testng.reporters.JUnitReportReporter -->
<testsuite hostname="NTS-JUEENINGSHETTI" failures="0" tests="1" name="Tests.EditProfileTest" time="69.707" errors="0" timestamp="2021-09-09T19:20:24 IST" skipped="0">
  <testcase classname="Tests.EditProfileTest" name="EditProfileFlow" time="69.707"/>
  <system-out/>
</testsuite> <!-- Tests.EditProfileTest -->
