<?xml version="1.0" encoding="UTF-8"?>
<!-- Generated by org.testng.reporters.JUnitReportReporter -->
<testsuite hostname="NTS-JUEENINGSHETTI" failures="0" tests="1" name="Tests.DatasetTest" time="143.090" errors="0" timestamp="2021-09-09T19:20:24 IST" skipped="0">
  <testcase classname="Tests.DatasetTest" name="DataSetFlow" time="143.090"/>
  <system-out/>
</testsuite> <!-- Tests.DatasetTest -->
