<?xml version="1.0" encoding="UTF-8"?>
<!-- Generated by org.testng.reporters.JUnitReportReporter -->
<testsuite hostname="NTS-JUEENINGSHETTI" failures="0" tests="1" name="Tests.CreateUserTest" time="149.666" errors="0" timestamp="2021-09-09T19:20:24 IST" skipped="0">
  <testcase classname="Tests.CreateUserTest" name="CreateUserFlow" time="149.666"/>
  <system-out/>
</testsuite> <!-- Tests.CreateUserTest -->
